La génération a démarré 15/10/2014 10:03:30.
     1>Projet "C:\Users\mleray\Downloads\Ensemble\Ensemble\Ensemble.vcxproj" sur le nœud 2 (Build cible(s)).
     1>ClCompile:
         C:\Program Files (x86)\Microsoft Visual Studio 12.0\VC\bin\CL.exe /c /ZI /nologo /W3 /WX- /Od /Oy- /D WIN32 /D _DEBUG /D _CONSOLE /D _LIB /D _UNICODE /D UNICODE /Gm /EHsc /RTC1 /MDd /GS /fp:precise /Zc:wchar_t /Zc:forScope /Fo"Debug\\" /Fd"Debug\vc120.pdb" /Gd /TP /analyze- /errorReport:prompt main.cpp
         main.cpp
     1>c:\users\mleray\downloads\ensemble\ensemble\ensemble.h(46): error C2804: trop de paramètres pour l'opérateur binaire 'operator <<'
                 c:\users\mleray\downloads\ensemble\ensemble\ensemble.h(66) : voir la référence à l'instanciation de la classe modèle 'Ensemble<T>' en cours de compilation
     1>c:\users\mleray\downloads\ensemble\ensemble\ensemble.h(46): error C2333: 'Ensemble<T>::operator <<' : erreur dans la déclaration de la fonction ; corps de la fonction ignoré
     1>c:\users\mleray\downloads\ensemble\ensemble\ensemble.h(55): error C2804: trop de paramètres pour l'opérateur binaire 'operator >>'
     1>c:\users\mleray\downloads\ensemble\ensemble\ensemble.h(46): error C2333: 'Ensemble<int>::operator <<' : erreur dans la déclaration de la fonction ; corps de la fonction ignoré
     1>c:\users\mleray\downloads\ensemble\ensemble\main.cpp(25): error C2678: '>>' binaire : aucun opérateur trouvé qui accepte un opérande de partie gauche de type 'std::ifstream' (ou il n'existe pas de conversion acceptable)
                 c:\program files (x86)\microsoft visual studio 12.0\vc\include\istream(485): peut être 'std::basic_istream<char,std::char_traits<char>> &std::basic_istream<char,std::char_traits<char>>::operator >>(std::basic_streambuf<char,std::char_traits<char>> *)'
                 c:\program files (x86)\microsoft visual studio 12.0\vc\include\istream(466): ou       'std::basic_istream<char,std::char_traits<char>> &std::basic_istream<char,std::char_traits<char>>::operator >>(void *&)'
                 c:\program files (x86)\microsoft visual studio 12.0\vc\include\istream(448): ou       'std::basic_istream<char,std::char_traits<char>> &std::basic_istream<char,std::char_traits<char>>::operator >>(long double &)'
                 c:\program files (x86)\microsoft visual studio 12.0\vc\include\istream(430): ou       'std::basic_istream<char,std::char_traits<char>> &std::basic_istream<char,std::char_traits<char>>::operator >>(double &)'
                 c:\program files (x86)\microsoft visual studio 12.0\vc\include\istream(411): ou       'std::basic_istream<char,std::char_traits<char>> &std::basic_istream<char,std::char_traits<char>>::operator >>(float &)'
                 c:\program files (x86)\microsoft visual studio 12.0\vc\include\istream(392): ou       'std::basic_istream<char,std::char_traits<char>> &std::basic_istream<char,std::char_traits<char>>::operator >>(unsigned __int64 &)'
                 c:\program files (x86)\microsoft visual studio 12.0\vc\include\istream(373): ou       'std::basic_istream<char,std::char_traits<char>> &std::basic_istream<char,std::char_traits<char>>::operator >>(__int64 &)'
                 c:\program files (x86)\microsoft visual studio 12.0\vc\include\istream(353): ou       'std::basic_istream<char,std::char_traits<char>> &std::basic_istream<char,std::char_traits<char>>::operator >>(unsigned long &)'
                 c:\program files (x86)\microsoft visual studio 12.0\vc\include\istream(335): ou       'std::basic_istream<char,std::char_traits<char>> &std::basic_istream<char,std::char_traits<char>>::operator >>(long &)'
                 c:\program files (x86)\microsoft visual studio 12.0\vc\include\istream(317): ou       'std::basic_istream<char,std::char_traits<char>> &std::basic_istream<char,std::char_traits<char>>::operator >>(unsigned int &)'
                 c:\program files (x86)\microsoft visual studio 12.0\vc\include\istream(291): ou       'std::basic_istream<char,std::char_traits<char>> &std::basic_istream<char,std::char_traits<char>>::operator >>(int &)'
                 c:\program files (x86)\microsoft visual studio 12.0\vc\include\istream(272): ou       'std::basic_istream<char,std::char_traits<char>> &std::basic_istream<char,std::char_traits<char>>::operator >>(unsigned short &)'
                 c:\program files (x86)\microsoft visual studio 12.0\vc\include\istream(237): ou       'std::basic_istream<char,std::char_traits<char>> &std::basic_istream<char,std::char_traits<char>>::operator >>(short &)'
                 c:\program files (x86)\microsoft visual studio 12.0\vc\include\istream(218): ou       'std::basic_istream<char,std::char_traits<char>> &std::basic_istream<char,std::char_traits<char>>::operator >>(std::_Bool &)'
                 c:\program files (x86)\microsoft visual studio 12.0\vc\include\istream(211): ou       'std::basic_istream<char,std::char_traits<char>> &std::basic_istream<char,std::char_traits<char>>::operator >>(std::ios_base &(__cdecl *)(std::ios_base &))'
                 c:\program files (x86)\microsoft visual studio 12.0\vc\include\istream(204): ou       'std::basic_istream<char,std::char_traits<char>> &std::basic_istream<char,std::char_traits<char>>::operator >>(std::basic_ios<char,std::char_traits<char>> &(__cdecl *)(std::basic_ios<char,std::char_traits<char>> &))'
                 c:\program files (x86)\microsoft visual studio 12.0\vc\include\istream(198): ou       'std::basic_istream<char,std::char_traits<char>> &std::basic_istream<char,std::char_traits<char>>::operator >>(std::basic_istream<char,std::char_traits<char>> &(__cdecl *)(std::basic_istream<char,std::char_traits<char>> &))'
                 c:\program files (x86)\microsoft visual studio 12.0\vc\include\istream(1072): ou       'std::basic_istream<char,std::char_traits<char>> &std::operator >><std::char_traits<char>>(std::basic_istream<char,std::char_traits<char>> &,signed char *)'
                 c:\program files (x86)\microsoft visual studio 12.0\vc\include\istream(1079): ou       'std::basic_istream<char,std::char_traits<char>> &std::operator >><std::char_traits<char>>(std::basic_istream<char,std::char_traits<char>> &,signed char &)'
                 c:\program files (x86)\microsoft visual studio 12.0\vc\include\istream(1086): ou       'std::basic_istream<char,std::char_traits<char>> &std::operator >><std::char_traits<char>>(std::basic_istream<char,std::char_traits<char>> &,unsigned char *)'
                 c:\program files (x86)\microsoft visual studio 12.0\vc\include\istream(1093): ou       'std::basic_istream<char,std::char_traits<char>> &std::operator >><std::char_traits<char>>(std::basic_istream<char,std::char_traits<char>> &,unsigned char &)'
                 c:\program files (x86)\microsoft visual studio 12.0\vc\include\istream(1103): ou       'std::basic_istream<char,std::char_traits<char>> &std::operator >><char,std::char_traits<char>,Ensemble<int>>(std::basic_istream<char,std::char_traits<char>> &&,_Ty &)'
                 with
                 [
                     _Ty=Ensemble<int>
                 ]
                 lors de la tentative de mise en correspondance de la liste des arguments '(std::ifstream, Ensemble<int>)'
     1>c:\users\mleray\downloads\ensemble\ensemble\main.cpp(26): error C2679: '<<' binaire : aucun opérateur trouvé qui accepte un opérande de partie droite de type 'Ensemble<int>' (ou il n'existe pas de conversion acceptable)
                 c:\program files (x86)\microsoft visual studio 12.0\vc\include\ostream(498): peut être 'std::basic_ostream<char,std::char_traits<char>> &std::basic_ostream<char,std::char_traits<char>>::operator <<(std::basic_streambuf<char,std::char_traits<char>> *)'
                 c:\program files (x86)\microsoft visual studio 12.0\vc\include\ostream(478): ou       'std::basic_ostream<char,std::char_traits<char>> &std::basic_ostream<char,std::char_traits<char>>::operator <<(const void *)'
                 c:\program files (x86)\microsoft visual studio 12.0\vc\include\ostream(458): ou       'std::basic_ostream<char,std::char_traits<char>> &std::basic_ostream<char,std::char_traits<char>>::operator <<(long double)'
                 c:\program files (x86)\microsoft visual studio 12.0\vc\include\ostream(438): ou       'std::basic_ostream<char,std::char_traits<char>> &std::basic_ostream<char,std::char_traits<char>>::operator <<(double)'
                 c:\program files (x86)\microsoft visual studio 12.0\vc\include\ostream(418): ou       'std::basic_ostream<char,std::char_traits<char>> &std::basic_ostream<char,std::char_traits<char>>::operator <<(float)'
                 c:\program files (x86)\microsoft visual studio 12.0\vc\include\ostream(397): ou       'std::basic_ostream<char,std::char_traits<char>> &std::basic_ostream<char,std::char_traits<char>>::operator <<(unsigned __int64)'
                 c:\program files (x86)\microsoft visual studio 12.0\vc\include\ostream(377): ou       'std::basic_ostream<char,std::char_traits<char>> &std::basic_ostream<char,std::char_traits<char>>::operator <<(__int64)'
                 c:\program files (x86)\microsoft visual studio 12.0\vc\include\ostream(356): ou       'std::basic_ostream<char,std::char_traits<char>> &std::basic_ostream<char,std::char_traits<char>>::operator <<(unsigned long)'
                 c:\program files (x86)\microsoft visual studio 12.0\vc\include\ostream(336): ou       'std::basic_ostream<char,std::char_traits<char>> &std::basic_ostream<char,std::char_traits<char>>::operator <<(long)'
                 c:\program files (x86)\microsoft visual studio 12.0\vc\include\ostream(316): ou       'std::basic_ostream<char,std::char_traits<char>> &std::basic_ostream<char,std::char_traits<char>>::operator <<(unsigned int)'
                 c:\program files (x86)\microsoft visual studio 12.0\vc\include\ostream(291): ou       'std::basic_ostream<char,std::char_traits<char>> &std::basic_ostream<char,std::char_traits<char>>::operator <<(int)'
                 c:\program files (x86)\microsoft visual studio 12.0\vc\include\ostream(271): ou       'std::basic_ostream<char,std::char_traits<char>> &std::basic_ostream<char,std::char_traits<char>>::operator <<(unsigned short)'
                 c:\program files (x86)\microsoft visual studio 12.0\vc\include\ostream(237): ou       'std::basic_ostream<char,std::char_traits<char>> &std::basic_ostream<char,std::char_traits<char>>::operator <<(short)'
                 c:\program files (x86)\microsoft visual studio 12.0\vc\include\ostream(217): ou       'std::basic_ostream<char,std::char_traits<char>> &std::basic_ostream<char,std::char_traits<char>>::operator <<(std::_Bool)'
                 c:\program files (x86)\microsoft visual studio 12.0\vc\include\ostream(210): ou       'std::basic_ostream<char,std::char_traits<char>> &std::basic_ostream<char,std::char_traits<char>>::operator <<(std::ios_base &(__cdecl *)(std::ios_base &))'
                 c:\program files (x86)\microsoft visual studio 12.0\vc\include\ostream(203): ou       'std::basic_ostream<char,std::char_traits<char>> &std::basic_ostream<char,std::char_traits<char>>::operator <<(std::basic_ios<char,std::char_traits<char>> &(__cdecl *)(std::basic_ios<char,std::char_traits<char>> &))'
                 c:\program files (x86)\microsoft visual studio 12.0\vc\include\ostream(197): ou       'std::basic_ostream<char,std::char_traits<char>> &std::basic_ostream<char,std::char_traits<char>>::operator <<(std::basic_ostream<char,std::char_traits<char>> &(__cdecl *)(std::basic_ostream<char,std::char_traits<char>> &))'
                 c:\program files (x86)\microsoft visual studio 12.0\vc\include\ostream(699): ou       'std::basic_ostream<char,std::char_traits<char>> &std::operator <<<char,std::char_traits<char>>(std::basic_ostream<char,std::char_traits<char>> &,const char *)'
                 c:\program files (x86)\microsoft visual studio 12.0\vc\include\ostream(746): ou       'std::basic_ostream<char,std::char_traits<char>> &std::operator <<<char,std::char_traits<char>>(std::basic_ostream<char,std::char_traits<char>> &,char)'
                 c:\program files (x86)\microsoft visual studio 12.0\vc\include\ostream(784): ou       'std::basic_ostream<char,std::char_traits<char>> &std::operator <<<std::char_traits<char>>(std::basic_ostream<char,std::char_traits<char>> &,const char *)'
                 c:\program files (x86)\microsoft visual studio 12.0\vc\include\ostream(831): ou       'std::basic_ostream<char,std::char_traits<char>> &std::operator <<<std::char_traits<char>>(std::basic_ostream<char,std::char_traits<char>> &,char)'
                 c:\program files (x86)\microsoft visual studio 12.0\vc\include\ostream(957): ou       'std::basic_ostream<char,std::char_traits<char>> &std::operator <<<std::char_traits<char>>(std::basic_ostream<char,std::char_traits<char>> &,const signed char *)'
                 c:\program files (x86)\microsoft visual studio 12.0\vc\include\ostream(964): ou       'std::basic_ostream<char,std::char_traits<char>> &std::operator <<<std::char_traits<char>>(std::basic_ostream<char,std::char_traits<char>> &,signed char)'
                 c:\program files (x86)\microsoft visual studio 12.0\vc\include\ostream(971): ou       'std::basic_ostream<char,std::char_traits<char>> &std::operator <<<std::char_traits<char>>(std::basic_ostream<char,std::char_traits<char>> &,const unsigned char *)'
                 c:\program files (x86)\microsoft visual studio 12.0\vc\include\ostream(978): ou       'std::basic_ostream<char,std::char_traits<char>> &std::operator <<<std::char_traits<char>>(std::basic_ostream<char,std::char_traits<char>> &,unsigned char)'
                 c:\program files (x86)\microsoft visual studio 12.0\vc\include\ostream(988): ou       'std::basic_ostream<char,std::char_traits<char>> &std::operator <<<char,std::char_traits<char>,Ensemble<int>>(std::basic_ostream<char,std::char_traits<char>> &&,const _Ty &)'
                 with
                 [
                     _Ty=Ensemble<int>
                 ]
                 c:\program files (x86)\microsoft visual studio 12.0\vc\include\ostream(1026): ou       'std::basic_ostream<char,std::char_traits<char>> &std::operator <<<char,std::char_traits<char>>(std::basic_ostream<char,std::char_traits<char>> &,const std::error_code &)'
                 lors de la tentative de mise en correspondance de la liste des arguments '(std::basic_ostream<char,std::char_traits<char>>, Ensemble<int>)'
     1>c:\users\mleray\downloads\ensemble\ensemble\main.cpp(46): error C2679: '<<' binaire : aucun opérateur trouvé qui accepte un opérande de partie droite de type 'Ensemble<int>' (ou il n'existe pas de conversion acceptable)
                 c:\program files (x86)\microsoft visual studio 12.0\vc\include\ostream(498): peut être 'std::basic_ostream<char,std::char_traits<char>> &std::basic_ostream<char,std::char_traits<char>>::operator <<(std::basic_streambuf<char,std::char_traits<char>> *)'
                 c:\program files (x86)\microsoft visual studio 12.0\vc\include\ostream(478): ou       'std::basic_ostream<char,std::char_traits<char>> &std::basic_ostream<char,std::char_traits<char>>::operator <<(const void *)'
                 c:\program files (x86)\microsoft visual studio 12.0\vc\include\ostream(458): ou       'std::basic_ostream<char,std::char_traits<char>> &std::basic_ostream<char,std::char_traits<char>>::operator <<(long double)'
                 c:\program files (x86)\microsoft visual studio 12.0\vc\include\ostream(438): ou       'std::basic_ostream<char,std::char_traits<char>> &std::basic_ostream<char,std::char_traits<char>>::operator <<(double)'
                 c:\program files (x86)\microsoft visual studio 12.0\vc\include\ostream(418): ou       'std::basic_ostream<char,std::char_traits<char>> &std::basic_ostream<char,std::char_traits<char>>::operator <<(float)'
                 c:\program files (x86)\microsoft visual studio 12.0\vc\include\ostream(397): ou       'std::basic_ostream<char,std::char_traits<char>> &std::basic_ostream<char,std::char_traits<char>>::operator <<(unsigned __int64)'
                 c:\program files (x86)\microsoft visual studio 12.0\vc\include\ostream(377): ou       'std::basic_ostream<char,std::char_traits<char>> &std::basic_ostream<char,std::char_traits<char>>::operator <<(__int64)'
                 c:\program files (x86)\microsoft visual studio 12.0\vc\include\ostream(356): ou       'std::basic_ostream<char,std::char_traits<char>> &std::basic_ostream<char,std::char_traits<char>>::operator <<(unsigned long)'
                 c:\program files (x86)\microsoft visual studio 12.0\vc\include\ostream(336): ou       'std::basic_ostream<char,std::char_traits<char>> &std::basic_ostream<char,std::char_traits<char>>::operator <<(long)'
                 c:\program files (x86)\microsoft visual studio 12.0\vc\include\ostream(316): ou       'std::basic_ostream<char,std::char_traits<char>> &std::basic_ostream<char,std::char_traits<char>>::operator <<(unsigned int)'
                 c:\program files (x86)\microsoft visual studio 12.0\vc\include\ostream(291): ou       'std::basic_ostream<char,std::char_traits<char>> &std::basic_ostream<char,std::char_traits<char>>::operator <<(int)'
                 c:\program files (x86)\microsoft visual studio 12.0\vc\include\ostream(271): ou       'std::basic_ostream<char,std::char_traits<char>> &std::basic_ostream<char,std::char_traits<char>>::operator <<(unsigned short)'
                 c:\program files (x86)\microsoft visual studio 12.0\vc\include\ostream(237): ou       'std::basic_ostream<char,std::char_traits<char>> &std::basic_ostream<char,std::char_traits<char>>::operator <<(short)'
                 c:\program files (x86)\microsoft visual studio 12.0\vc\include\ostream(217): ou       'std::basic_ostream<char,std::char_traits<char>> &std::basic_ostream<char,std::char_traits<char>>::operator <<(std::_Bool)'
                 c:\program files (x86)\microsoft visual studio 12.0\vc\include\ostream(210): ou       'std::basic_ostream<char,std::char_traits<char>> &std::basic_ostream<char,std::char_traits<char>>::operator <<(std::ios_base &(__cdecl *)(std::ios_base &))'
                 c:\program files (x86)\microsoft visual studio 12.0\vc\include\ostream(203): ou       'std::basic_ostream<char,std::char_traits<char>> &std::basic_ostream<char,std::char_traits<char>>::operator <<(std::basic_ios<char,std::char_traits<char>> &(__cdecl *)(std::basic_ios<char,std::char_traits<char>> &))'
                 c:\program files (x86)\microsoft visual studio 12.0\vc\include\ostream(197): ou       'std::basic_ostream<char,std::char_traits<char>> &std::basic_ostream<char,std::char_traits<char>>::operator <<(std::basic_ostream<char,std::char_traits<char>> &(__cdecl *)(std::basic_ostream<char,std::char_traits<char>> &))'
                 c:\program files (x86)\microsoft visual studio 12.0\vc\include\ostream(699): ou       'std::basic_ostream<char,std::char_traits<char>> &std::operator <<<char,std::char_traits<char>>(std::basic_ostream<char,std::char_traits<char>> &,const char *)'
                 c:\program files (x86)\microsoft visual studio 12.0\vc\include\ostream(746): ou       'std::basic_ostream<char,std::char_traits<char>> &std::operator <<<char,std::char_traits<char>>(std::basic_ostream<char,std::char_traits<char>> &,char)'
                 c:\program files (x86)\microsoft visual studio 12.0\vc\include\ostream(784): ou       'std::basic_ostream<char,std::char_traits<char>> &std::operator <<<std::char_traits<char>>(std::basic_ostream<char,std::char_traits<char>> &,const char *)'
                 c:\program files (x86)\microsoft visual studio 12.0\vc\include\ostream(831): ou       'std::basic_ostream<char,std::char_traits<char>> &std::operator <<<std::char_traits<char>>(std::basic_ostream<char,std::char_traits<char>> &,char)'
                 c:\program files (x86)\microsoft visual studio 12.0\vc\include\ostream(957): ou       'std::basic_ostream<char,std::char_traits<char>> &std::operator <<<std::char_traits<char>>(std::basic_ostream<char,std::char_traits<char>> &,const signed char *)'
                 c:\program files (x86)\microsoft visual studio 12.0\vc\include\ostream(964): ou       'std::basic_ostream<char,std::char_traits<char>> &std::operator <<<std::char_traits<char>>(std::basic_ostream<char,std::char_traits<char>> &,signed char)'
                 c:\program files (x86)\microsoft visual studio 12.0\vc\include\ostream(971): ou       'std::basic_ostream<char,std::char_traits<char>> &std::operator <<<std::char_traits<char>>(std::basic_ostream<char,std::char_traits<char>> &,const unsigned char *)'
                 c:\program files (x86)\microsoft visual studio 12.0\vc\include\ostream(978): ou       'std::basic_ostream<char,std::char_traits<char>> &std::operator <<<std::char_traits<char>>(std::basic_ostream<char,std::char_traits<char>> &,unsigned char)'
                 c:\program files (x86)\microsoft visual studio 12.0\vc\include\ostream(988): ou       'std::basic_ostream<char,std::char_traits<char>> &std::operator <<<char,std::char_traits<char>,Ensemble<int>>(std::basic_ostream<char,std::char_traits<char>> &&,const _Ty &)'
                 with
                 [
                     _Ty=Ensemble<int>
                 ]
                 c:\program files (x86)\microsoft visual studio 12.0\vc\include\ostream(1026): ou       'std::basic_ostream<char,std::char_traits<char>> &std::operator <<<char,std::char_traits<char>>(std::basic_ostream<char,std::char_traits<char>> &,const std::error_code &)'
                 lors de la tentative de mise en correspondance de la liste des arguments '(std::basic_ostream<char,std::char_traits<char>>, Ensemble<int>)'
     1>c:\users\mleray\downloads\ensemble\ensemble\main.cpp(47): error C2679: '<<' binaire : aucun opérateur trouvé qui accepte un opérande de partie droite de type 'Ensemble<int>' (ou il n'existe pas de conversion acceptable)
                 c:\program files (x86)\microsoft visual studio 12.0\vc\include\ostream(498): peut être 'std::basic_ostream<char,std::char_traits<char>> &std::basic_ostream<char,std::char_traits<char>>::operator <<(std::basic_streambuf<char,std::char_traits<char>> *)'
                 c:\program files (x86)\microsoft visual studio 12.0\vc\include\ostream(478): ou       'std::basic_ostream<char,std::char_traits<char>> &std::basic_ostream<char,std::char_traits<char>>::operator <<(const void *)'
                 c:\program files (x86)\microsoft visual studio 12.0\vc\include\ostream(458): ou       'std::basic_ostream<char,std::char_traits<char>> &std::basic_ostream<char,std::char_traits<char>>::operator <<(long double)'
                 c:\program files (x86)\microsoft visual studio 12.0\vc\include\ostream(438): ou       'std::basic_ostream<char,std::char_traits<char>> &std::basic_ostream<char,std::char_traits<char>>::operator <<(double)'
                 c:\program files (x86)\microsoft visual studio 12.0\vc\include\ostream(418): ou       'std::basic_ostream<char,std::char_traits<char>> &std::basic_ostream<char,std::char_traits<char>>::operator <<(float)'
                 c:\program files (x86)\microsoft visual studio 12.0\vc\include\ostream(397): ou       'std::basic_ostream<char,std::char_traits<char>> &std::basic_ostream<char,std::char_traits<char>>::operator <<(unsigned __int64)'
                 c:\program files (x86)\microsoft visual studio 12.0\vc\include\ostream(377): ou       'std::basic_ostream<char,std::char_traits<char>> &std::basic_ostream<char,std::char_traits<char>>::operator <<(__int64)'
                 c:\program files (x86)\microsoft visual studio 12.0\vc\include\ostream(356): ou       'std::basic_ostream<char,std::char_traits<char>> &std::basic_ostream<char,std::char_traits<char>>::operator <<(unsigned long)'
                 c:\program files (x86)\microsoft visual studio 12.0\vc\include\ostream(336): ou       'std::basic_ostream<char,std::char_traits<char>> &std::basic_ostream<char,std::char_traits<char>>::operator <<(long)'
                 c:\program files (x86)\microsoft visual studio 12.0\vc\include\ostream(316): ou       'std::basic_ostream<char,std::char_traits<char>> &std::basic_ostream<char,std::char_traits<char>>::operator <<(unsigned int)'
                 c:\program files (x86)\microsoft visual studio 12.0\vc\include\ostream(291): ou       'std::basic_ostream<char,std::char_traits<char>> &std::basic_ostream<char,std::char_traits<char>>::operator <<(int)'
                 c:\program files (x86)\microsoft visual studio 12.0\vc\include\ostream(271): ou       'std::basic_ostream<char,std::char_traits<char>> &std::basic_ostream<char,std::char_traits<char>>::operator <<(unsigned short)'
                 c:\program files (x86)\microsoft visual studio 12.0\vc\include\ostream(237): ou       'std::basic_ostream<char,std::char_traits<char>> &std::basic_ostream<char,std::char_traits<char>>::operator <<(short)'
                 c:\program files (x86)\microsoft visual studio 12.0\vc\include\ostream(217): ou       'std::basic_ostream<char,std::char_traits<char>> &std::basic_ostream<char,std::char_traits<char>>::operator <<(std::_Bool)'
                 c:\program files (x86)\microsoft visual studio 12.0\vc\include\ostream(210): ou       'std::basic_ostream<char,std::char_traits<char>> &std::basic_ostream<char,std::char_traits<char>>::operator <<(std::ios_base &(__cdecl *)(std::ios_base &))'
                 c:\program files (x86)\microsoft visual studio 12.0\vc\include\ostream(203): ou       'std::basic_ostream<char,std::char_traits<char>> &std::basic_ostream<char,std::char_traits<char>>::operator <<(std::basic_ios<char,std::char_traits<char>> &(__cdecl *)(std::basic_ios<char,std::char_traits<char>> &))'
                 c:\program files (x86)\microsoft visual studio 12.0\vc\include\ostream(197): ou       'std::basic_ostream<char,std::char_traits<char>> &std::basic_ostream<char,std::char_traits<char>>::operator <<(std::basic_ostream<char,std::char_traits<char>> &(__cdecl *)(std::basic_ostream<char,std::char_traits<char>> &))'
                 c:\program files (x86)\microsoft visual studio 12.0\vc\include\ostream(699): ou       'std::basic_ostream<char,std::char_traits<char>> &std::operator <<<char,std::char_traits<char>>(std::basic_ostream<char,std::char_traits<char>> &,const char *)'
                 c:\program files (x86)\microsoft visual studio 12.0\vc\include\ostream(746): ou       'std::basic_ostream<char,std::char_traits<char>> &std::operator <<<char,std::char_traits<char>>(std::basic_ostream<char,std::char_traits<char>> &,char)'
                 c:\program files (x86)\microsoft visual studio 12.0\vc\include\ostream(784): ou       'std::basic_ostream<char,std::char_traits<char>> &std::operator <<<std::char_traits<char>>(std::basic_ostream<char,std::char_traits<char>> &,const char *)'
                 c:\program files (x86)\microsoft visual studio 12.0\vc\include\ostream(831): ou       'std::basic_ostream<char,std::char_traits<char>> &std::operator <<<std::char_traits<char>>(std::basic_ostream<char,std::char_traits<char>> &,char)'
                 c:\program files (x86)\microsoft visual studio 12.0\vc\include\ostream(957): ou       'std::basic_ostream<char,std::char_traits<char>> &std::operator <<<std::char_traits<char>>(std::basic_ostream<char,std::char_traits<char>> &,const signed char *)'
                 c:\program files (x86)\microsoft visual studio 12.0\vc\include\ostream(964): ou       'std::basic_ostream<char,std::char_traits<char>> &std::operator <<<std::char_traits<char>>(std::basic_ostream<char,std::char_traits<char>> &,signed char)'
                 c:\program files (x86)\microsoft visual studio 12.0\vc\include\ostream(971): ou       'std::basic_ostream<char,std::char_traits<char>> &std::operator <<<std::char_traits<char>>(std::basic_ostream<char,std::char_traits<char>> &,const unsigned char *)'
                 c:\program files (x86)\microsoft visual studio 12.0\vc\include\ostream(978): ou       'std::basic_ostream<char,std::char_traits<char>> &std::operator <<<std::char_traits<char>>(std::basic_ostream<char,std::char_traits<char>> &,unsigned char)'
                 c:\program files (x86)\microsoft visual studio 12.0\vc\include\ostream(988): ou       'std::basic_ostream<char,std::char_traits<char>> &std::operator <<<char,std::char_traits<char>,Ensemble<int>>(std::basic_ostream<char,std::char_traits<char>> &&,const _Ty &)'
                 with
                 [
                     _Ty=Ensemble<int>
                 ]
                 c:\program files (x86)\microsoft visual studio 12.0\vc\include\ostream(1026): ou       'std::basic_ostream<char,std::char_traits<char>> &std::operator <<<char,std::char_traits<char>>(std::basic_ostream<char,std::char_traits<char>> &,const std::error_code &)'
                 lors de la tentative de mise en correspondance de la liste des arguments '(std::basic_ostream<char,std::char_traits<char>>, Ensemble<int>)'
     1>c:\users\mleray\downloads\ensemble\ensemble\main.cpp(50): error C2679: '<<' binaire : aucun opérateur trouvé qui accepte un opérande de partie droite de type 'Ensemble<int>' (ou il n'existe pas de conversion acceptable)
                 c:\program files (x86)\microsoft visual studio 12.0\vc\include\ostream(498): peut être 'std::basic_ostream<char,std::char_traits<char>> &std::basic_ostream<char,std::char_traits<char>>::operator <<(std::basic_streambuf<char,std::char_traits<char>> *)'
                 c:\program files (x86)\microsoft visual studio 12.0\vc\include\ostream(478): ou       'std::basic_ostream<char,std::char_traits<char>> &std::basic_ostream<char,std::char_traits<char>>::operator <<(const void *)'
                 c:\program files (x86)\microsoft visual studio 12.0\vc\include\ostream(458): ou       'std::basic_ostream<char,std::char_traits<char>> &std::basic_ostream<char,std::char_traits<char>>::operator <<(long double)'
                 c:\program files (x86)\microsoft visual studio 12.0\vc\include\ostream(438): ou       'std::basic_ostream<char,std::char_traits<char>> &std::basic_ostream<char,std::char_traits<char>>::operator <<(double)'
                 c:\program files (x86)\microsoft visual studio 12.0\vc\include\ostream(418): ou       'std::basic_ostream<char,std::char_traits<char>> &std::basic_ostream<char,std::char_traits<char>>::operator <<(float)'
                 c:\program files (x86)\microsoft visual studio 12.0\vc\include\ostream(397): ou       'std::basic_ostream<char,std::char_traits<char>> &std::basic_ostream<char,std::char_traits<char>>::operator <<(unsigned __int64)'
                 c:\program files (x86)\microsoft visual studio 12.0\vc\include\ostream(377): ou       'std::basic_ostream<char,std::char_traits<char>> &std::basic_ostream<char,std::char_traits<char>>::operator <<(__int64)'
                 c:\program files (x86)\microsoft visual studio 12.0\vc\include\ostream(356): ou       'std::basic_ostream<char,std::char_traits<char>> &std::basic_ostream<char,std::char_traits<char>>::operator <<(unsigned long)'
                 c:\program files (x86)\microsoft visual studio 12.0\vc\include\ostream(336): ou       'std::basic_ostream<char,std::char_traits<char>> &std::basic_ostream<char,std::char_traits<char>>::operator <<(long)'
                 c:\program files (x86)\microsoft visual studio 12.0\vc\include\ostream(316): ou       'std::basic_ostream<char,std::char_traits<char>> &std::basic_ostream<char,std::char_traits<char>>::operator <<(unsigned int)'
                 c:\program files (x86)\microsoft visual studio 12.0\vc\include\ostream(291): ou       'std::basic_ostream<char,std::char_traits<char>> &std::basic_ostream<char,std::char_traits<char>>::operator <<(int)'
                 c:\program files (x86)\microsoft visual studio 12.0\vc\include\ostream(271): ou       'std::basic_ostream<char,std::char_traits<char>> &std::basic_ostream<char,std::char_traits<char>>::operator <<(unsigned short)'
                 c:\program files (x86)\microsoft visual studio 12.0\vc\include\ostream(237): ou       'std::basic_ostream<char,std::char_traits<char>> &std::basic_ostream<char,std::char_traits<char>>::operator <<(short)'
                 c:\program files (x86)\microsoft visual studio 12.0\vc\include\ostream(217): ou       'std::basic_ostream<char,std::char_traits<char>> &std::basic_ostream<char,std::char_traits<char>>::operator <<(std::_Bool)'
                 c:\program files (x86)\microsoft visual studio 12.0\vc\include\ostream(210): ou       'std::basic_ostream<char,std::char_traits<char>> &std::basic_ostream<char,std::char_traits<char>>::operator <<(std::ios_base &(__cdecl *)(std::ios_base &))'
                 c:\program files (x86)\microsoft visual studio 12.0\vc\include\ostream(203): ou       'std::basic_ostream<char,std::char_traits<char>> &std::basic_ostream<char,std::char_traits<char>>::operator <<(std::basic_ios<char,std::char_traits<char>> &(__cdecl *)(std::basic_ios<char,std::char_traits<char>> &))'
                 c:\program files (x86)\microsoft visual studio 12.0\vc\include\ostream(197): ou       'std::basic_ostream<char,std::char_traits<char>> &std::basic_ostream<char,std::char_traits<char>>::operator <<(std::basic_ostream<char,std::char_traits<char>> &(__cdecl *)(std::basic_ostream<char,std::char_traits<char>> &))'
                 c:\program files (x86)\microsoft visual studio 12.0\vc\include\ostream(699): ou       'std::basic_ostream<char,std::char_traits<char>> &std::operator <<<char,std::char_traits<char>>(std::basic_ostream<char,std::char_traits<char>> &,const char *)'
                 c:\program files (x86)\microsoft visual studio 12.0\vc\include\ostream(746): ou       'std::basic_ostream<char,std::char_traits<char>> &std::operator <<<char,std::char_traits<char>>(std::basic_ostream<char,std::char_traits<char>> &,char)'
                 c:\program files (x86)\microsoft visual studio 12.0\vc\include\ostream(784): ou       'std::basic_ostream<char,std::char_traits<char>> &std::operator <<<std::char_traits<char>>(std::basic_ostream<char,std::char_traits<char>> &,const char *)'
                 c:\program files (x86)\microsoft visual studio 12.0\vc\include\ostream(831): ou       'std::basic_ostream<char,std::char_traits<char>> &std::operator <<<std::char_traits<char>>(std::basic_ostream<char,std::char_traits<char>> &,char)'
                 c:\program files (x86)\microsoft visual studio 12.0\vc\include\ostream(957): ou       'std::basic_ostream<char,std::char_traits<char>> &std::operator <<<std::char_traits<char>>(std::basic_ostream<char,std::char_traits<char>> &,const signed char *)'
                 c:\program files (x86)\microsoft visual studio 12.0\vc\include\ostream(964): ou       'std::basic_ostream<char,std::char_traits<char>> &std::operator <<<std::char_traits<char>>(std::basic_ostream<char,std::char_traits<char>> &,signed char)'
                 c:\program files (x86)\microsoft visual studio 12.0\vc\include\ostream(971): ou       'std::basic_ostream<char,std::char_traits<char>> &std::operator <<<std::char_traits<char>>(std::basic_ostream<char,std::char_traits<char>> &,const unsigned char *)'
                 c:\program files (x86)\microsoft visual studio 12.0\vc\include\ostream(978): ou       'std::basic_ostream<char,std::char_traits<char>> &std::operator <<<std::char_traits<char>>(std::basic_ostream<char,std::char_traits<char>> &,unsigned char)'
                 c:\program files (x86)\microsoft visual studio 12.0\vc\include\ostream(988): ou       'std::basic_ostream<char,std::char_traits<char>> &std::operator <<<char,std::char_traits<char>,Ensemble<int>>(std::basic_ostream<char,std::char_traits<char>> &&,const _Ty &)'
                 with
                 [
                     _Ty=Ensemble<int>
                 ]
                 c:\program files (x86)\microsoft visual studio 12.0\vc\include\ostream(1026): ou       'std::basic_ostream<char,std::char_traits<char>> &std::operator <<<char,std::char_traits<char>>(std::basic_ostream<char,std::char_traits<char>> &,const std::error_code &)'
                 lors de la tentative de mise en correspondance de la liste des arguments '(std::basic_ostream<char,std::char_traits<char>>, Ensemble<int>)'
     1>Génération du projet "C:\Users\mleray\Downloads\Ensemble\Ensemble\Ensemble.vcxproj" terminée (Build cible(s)) -- ÉCHEC.

ÉCHEC de la build.

Temps écoulé 00:00:00.60
