<<<<<<< HEAD
﻿La génération a démarré 16/01/2015 02:31:19.
     1>Projet "D:\Github\SmallWorld\Projet\Jeu\Wrapper\Wrapper.vcxproj" sur le nœud 2 (Build cible(s)).
     1>ClCompile:
         D:\Visual Studio Premium 2013\VC\bin\CL.exe /c /AI"C:\Program Files (x86)\Reference Assemblies\Microsoft\Framework\.NETFramework\v4.5\\" /AI"C:\Program Files (x86)\Windows Kits\8.1\References\CommonConfiguration\Neutral" /AI"C:\Program Files (x86)\Reference Assemblies\Microsoft\Framework\.NETFramework\v4.5\Facades\\" /Zi /clr /nologo /W3 /WX- /Od /Oy- /D WIN32 /D _DEBUG /D _WINDLL /D _UNICODE /D UNICODE /EHa /MDd /GS /fp:precise /Zc:wchar_t /Zc:forScope /Fo"Debug\\" /Fd"Debug\vc120.pdb" /TP /FU"C:\Program Files (x86)\Reference Assemblies\Microsoft\Framework\.NETFramework\v4.5\mscorlib.dll" /analyze- /errorReport:prompt /clr:nostdlib Wrapper.cpp
         Wrapper.cpp
         D:\Visual Studio Premium 2013\VC\bin\CL.exe /c /Zi /clr /nologo /W3 /WX- /Od /Oy- /D WIN32 /D _DEBUG /D _WINDLL /D _UNICODE /D UNICODE /EHa /MDd /GS /fp:precise /Zc:wchar_t /Zc:forScope /Fo"Debug\\" /Fd"Debug\vc120.pdb" /TP /analyze- /errorReport:prompt "C:\Users\Pierre-Marie\AppData\Local\Temp\.NETFramework,Version=v4.5.AssemblyAttributes.cpp"
         .NETFramework,Version=v4.5.AssemblyAttributes.cpp
       Link:
         D:\Visual Studio Premium 2013\VC\bin\link.exe /ERRORREPORT:PROMPT /OUT:"D:\Github\SmallWorld\Projet\Jeu\Debug\Wrapper.dll" /INCREMENTAL /NOLOGO /MANIFEST /MANIFESTUAC:"level='asInvoker' uiAccess='false'" /manifest:embed /DEBUG /PDB:"D:\Github\SmallWorld\Projet\Jeu\Debug\Wrapper.pdb" /ASSEMBLYDEBUG /TLBID:1 /DYNAMICBASE /FIXED:NO /NXCOMPAT /MACHINE:X86 /DLL Debug\Wrapper.obj
         "Debug\.NETFramework,Version=v4.5.AssemblyAttributes.obj"
         D:\Github\SmallWorld\Projet\Jeu\Debug\Library.lib
     1>Library.lib(Algo.obj) : warning LNK4075: ' /EDITANDCONTINUE' ignorÚ Ó cause de la spÚcification '/OPT:LBR'
         Wrapper.vcxproj -> D:\Github\SmallWorld\Projet\Jeu\Debug\Wrapper.dll
     1>Génération du projet "D:\Github\SmallWorld\Projet\Jeu\Wrapper\Wrapper.vcxproj" terminée (Build cible(s)).

La génération a réussi.

Temps écoulé 00:00:01.96
=======
<<<<<<< HEAD
﻿La génération a démarré 16/01/2015 01:21:49.

La génération a réussi.

Temps écoulé 00:00:00.01
=======
﻿La génération a démarré 16/01/2015 01:17:16.

La génération a réussi.

Temps écoulé 00:00:00.16
>>>>>>> origin/master
>>>>>>> parent of 960aa51... pseudo résolution
