La génération a démarré 13/10/2014 18:08:56.
     1>Projet "H:\4INFO\POO_MOO\TP3\Fractions\Fractions\Fractions.vcxproj" sur le nœud 2 (Build cible(s)).
     1>ClCompile:
         C:\Program Files (x86)\Microsoft Visual Studio 12.0\VC\bin\CL.exe /c /ZI /nologo /W3 /WX- /sdl /Od /Oy- /D WIN32 /D _DEBUG /D _CONSOLE /D _LIB /D _UNICODE /D UNICODE /Gm /EHsc /RTC1 /MDd /GS /fp:precise /Zc:wchar_t /Zc:forScope /Fo"Debug\\" /Fd"Debug\vc120.pdb" /Gd /TP /analyze- /errorReport:prompt DivByZeroException.cpp Fraction.cpp main.cpp OverflowException.cpp ZeroAsDenumException.cpp
         ZeroAsDenumException.cpp
         OverflowException.cpp
         main.cpp
     1>h:\4info\poo_moo\tp3\fractions\fractions\main.cpp(18): warning C4101: 'e' : variable locale non référencée
         Fraction.cpp
         DivByZeroException.cpp
         Génération de code en cours...
       Link:
         C:\Program Files (x86)\Microsoft Visual Studio 12.0\VC\bin\link.exe /ERRORREPORT:PROMPT /OUT:"H:\4INFO\POO_MOO\TP3\Fractions\Debug\Fractions.exe" /INCREMENTAL /NOLOGO kernel32.lib user32.lib gdi32.lib winspool.lib comdlg32.lib advapi32.lib shell32.lib ole32.lib oleaut32.lib uuid.lib odbc32.lib odbccp32.lib /MANIFEST /MANIFESTUAC:"level='asInvoker' uiAccess='false'" /manifest:embed /DEBUG /PDB:"H:\4INFO\POO_MOO\TP3\Fractions\Debug\Fractions.pdb" /SUBSYSTEM:CONSOLE /TLBID:1 /DYNAMICBASE /NXCOMPAT /IMPLIB:"H:\4INFO\POO_MOO\TP3\Fractions\Debug\Fractions.lib" /MACHINE:X86 Debug\DivByZeroException.obj
         Debug\Fraction.obj
         Debug\main.obj
         Debug\OverflowException.obj
         Debug\ZeroAsDenumException.obj
         LINK : H:\4INFO\POO_MOO\TP3\Fractions\Debug\Fractions.exe introuvable ou non généré par la dernière édition de liens incrémentielle ; édition de liens complète en cours
         Fractions.vcxproj -> H:\4INFO\POO_MOO\TP3\Fractions\Debug\Fractions.exe
     1>Génération du projet "H:\4INFO\POO_MOO\TP3\Fractions\Fractions\Fractions.vcxproj" terminée (Build cible(s)).

La génération a réussi.

Temps écoulé 00:00:12.20
