<<<<<<< HEAD
d:\github\smallworld\projet\jeu\library\debug\vc120.pdb
d:\github\smallworld\projet\jeu\library\debug\vc120.idb
d:\github\smallworld\projet\jeu\library\debug\algo.obj
d:\github\smallworld\projet\jeu\debug\library.lib
d:\github\smallworld\projet\jeu\library\debug\library.tlog\cl.command.1.tlog
d:\github\smallworld\projet\jeu\library\debug\library.tlog\cl.read.1.tlog
d:\github\smallworld\projet\jeu\library\debug\library.tlog\cl.write.1.tlog
d:\github\smallworld\projet\jeu\library\debug\library.tlog\lib-link.read.1.tlog
d:\github\smallworld\projet\jeu\library\debug\library.tlog\lib-link.write.1.tlog
d:\github\smallworld\projet\jeu\library\debug\library.tlog\lib.command.1.tlog
=======
d:\maud\documents\github\smallworld\projet\jeu\library\debug\vc120.pdb
d:\maud\documents\github\smallworld\projet\jeu\library\debug\vc120.idb
d:\maud\documents\github\smallworld\projet\jeu\library\debug\algo.obj
d:\maud\documents\github\smallworld\projet\jeu\debug\library.lib
d:\maud\documents\github\smallworld\projet\jeu\library\debug\library.tlog\cl.command.1.tlog
d:\maud\documents\github\smallworld\projet\jeu\library\debug\library.tlog\cl.read.1.tlog
d:\maud\documents\github\smallworld\projet\jeu\library\debug\library.tlog\cl.write.1.tlog
d:\maud\documents\github\smallworld\projet\jeu\library\debug\library.tlog\lib-link.read.1.tlog
d:\maud\documents\github\smallworld\projet\jeu\library\debug\library.tlog\lib-link.write.1.tlog
d:\maud\documents\github\smallworld\projet\jeu\library\debug\library.tlog\lib.command.1.tlog
>>>>>>> origin/master
