<<<<<<< HEAD
﻿La génération a démarré 16/01/2015 02:31:17.
     1>Projet "D:\Github\SmallWorld\Projet\Jeu\Library\Library.vcxproj" sur le nœud 2 (Build cible(s)).
     1>ClCompile:
         D:\Visual Studio Premium 2013\VC\bin\CL.exe /c /ZI /nologo /W3 /WX- /sdl /Od /Oy- /D _MBCS /Gm /EHsc /RTC1 /MDd /GS /fp:precise /Zc:wchar_t /Zc:forScope /Fo"Debug\\" /Fd"Debug\vc120.pdb" /Gd /TP /analyze- /errorReport:prompt Algo.cpp
         Algo.cpp
       Lib:
         D:\Visual Studio Premium 2013\VC\bin\Lib.exe /OUT:"D:\Github\SmallWorld\Projet\Jeu\Debug\Library.lib" /NOLOGO Debug\Algo.obj
         Library.vcxproj -> D:\Github\SmallWorld\Projet\Jeu\Debug\Library.lib
     1>Génération du projet "D:\Github\SmallWorld\Projet\Jeu\Library\Library.vcxproj" terminée (Build cible(s)).

La génération a réussi.

Temps écoulé 00:00:01.08
=======
<<<<<<< HEAD
﻿La génération a démarré 16/01/2015 01:21:49.

La génération a réussi.

Temps écoulé 00:00:00.00
=======
﻿La génération a démarré 16/01/2015 01:17:17.

La génération a réussi.

Temps écoulé 00:00:00.06
>>>>>>> origin/master
>>>>>>> parent of 960aa51... pseudo résolution
